<?xml version="1.0" encoding="UTF-8"?>
<!-- Generated by org.testng.reporters.JUnitXMLReporter -->
<testsuite ignored="0" hostname="LENOVO-PC" failures="0" tests="7" name="Run2" time="0.031" errors="0" timestamp="06 Dec 2018 17:58:57 GMT">
  <testcase classname="example.Test1" name="method2Test1" time="0.001"/>
  <testcase classname="example.Test1" name="method3Test1" time="0.002"/>
  <testcase classname="example.Test1" name="method4Test1" time="0.004"/>
  <testcase classname="example.Test1" name="methodTest1" time="0.002"/>
  <testcase classname="example.Test2" name="method2Test2" time="0.002"/>
  <testcase classname="example.Test2" name="method3Test2" time="0.002"/>
  <testcase classname="example.Test2" name="methodTest2" time="0.002"/>
</testsuite> <!-- Run2 -->
