<?xml version="1.0" encoding="UTF-8"?>
<testng-results ignored="0" total="1" passed="1" failed="0" skipped="0">
  <reporter-output>
  </reporter-output>
  <suite started-at="2018-10-05T02:58:11Z" name="Default suite" finished-at="2018-10-05T02:58:38Z" duration-ms="26594">
    <groups>
    </groups>
    <test started-at="2018-10-05T02:58:11Z" name="Default test" finished-at="2018-10-05T02:58:38Z" duration-ms="26594">
      <class name="example.SampleTest">
        <test-method is-config="true" signature="beforetest()[pri:0, instance:example.SampleTest@762ef0ea]" started-at="2018-10-05T02:58:11Z" name="beforetest" finished-at="2018-10-05T02:58:30Z" duration-ms="19057" status="PASS">
          <reporter-output>
          </reporter-output>
        </test-method> <!-- beforetest -->
        <test-method signature="temp()[pri:0, instance:example.SampleTest@762ef0ea]" started-at="2018-10-05T02:58:31Z" name="temp" finished-at="2018-10-05T02:58:36Z" duration-ms="5574" status="PASS">
          <reporter-output>
          </reporter-output>
        </test-method> <!-- temp -->
        <test-method is-config="true" signature="aftertest()[pri:0, instance:example.SampleTest@762ef0ea]" started-at="2018-10-05T02:58:36Z" name="aftertest" finished-at="2018-10-05T02:58:38Z" duration-ms="1812" status="PASS">
          <reporter-output>
          </reporter-output>
        </test-method> <!-- aftertest -->
      </class> <!-- example.SampleTest -->
    </test> <!-- Default test -->
  </suite> <!-- Default suite -->
</testng-results>
