<?xml version="1.0" encoding="UTF-8"?>
<testng-results skipped="0" failed="0" ignored="0" total="1" passed="1">
  <reporter-output>
  </reporter-output>
  <suite name="Default suite" duration-ms="17732" started-at="2018-09-09T07:36:44Z" finished-at="2018-09-09T07:37:01Z">
    <groups>
    </groups>
    <test name="Default test" duration-ms="17732" started-at="2018-09-09T07:36:44Z" finished-at="2018-09-09T07:37:01Z">
      <class name="example.SampleTest">
        <test-method status="PASS" signature="beforetest()[pri:0, instance:example.SampleTest@27efef64]" name="beforetest" is-config="true" duration-ms="9900" started-at="2018-09-09T07:36:44Z" finished-at="2018-09-09T07:36:54Z">
          <reporter-output>
          </reporter-output>
        </test-method> <!-- beforetest -->
        <test-method status="PASS" signature="temp()[pri:0, instance:example.SampleTest@27efef64]" name="temp" duration-ms="6924" started-at="2018-09-09T07:36:54Z" finished-at="2018-09-09T07:37:01Z">
          <reporter-output>
          </reporter-output>
        </test-method> <!-- temp -->
        <test-method status="PASS" signature="aftertest()[pri:0, instance:example.SampleTest@27efef64]" name="aftertest" is-config="true" duration-ms="886" started-at="2018-09-09T07:37:01Z" finished-at="2018-09-09T07:37:01Z">
          <reporter-output>
          </reporter-output>
        </test-method> <!-- aftertest -->
      </class> <!-- example.SampleTest -->
    </test> <!-- Default test -->
  </suite> <!-- Default suite -->
</testng-results>
